<?xml version="1.0" encoding="UTF-8"?>
<!-- Generated by org.testng.reporters.JUnitReportReporter -->
<testsuite name="TestScripts.simpleTest" tests="2" failures="0" timestamp="8 Nov 2017 07:12:41 GMT" time="0.019" errors="0">
  <testcase name="check1" time="0.017" classname="TestScripts.simpleTest"/>
  <testcase name="check3" time="0.002" classname="TestScripts.simpleTest"/>
</testsuite> <!-- TestScripts.simpleTest -->
