<?xml version="1.0" encoding="UTF-8"?>
<!-- Generated by org.testng.reporters.JUnitReportReporter -->
<testsuite hostname="QSP-024" name="TestScripts.MYBBSearch" tests="1" failures="0" timestamp="8 Nov 2017 13:43:08 GMT" time="113.397" errors="0">
  <testcase name="MYBBSearchTest" time="113.397" classname="TestScripts.MYBBSearch"/>
</testsuite> <!-- TestScripts.MYBBSearch -->
